[debug] [2024-01-15T20:37:51.988Z] ----------------------------------------------------------------------
[debug] [2024-01-15T20:37:51.991Z] Command:       C:\Program Files\nodejs\node.exe C:\Users\Zaid\AppData\Roaming\npm\node_modules\firebase-tools\lib\bin\firebase.js init
[debug] [2024-01-15T20:37:51.991Z] CLI Version:   13.0.3
[debug] [2024-01-15T20:37:51.991Z] Platform:      win32
[debug] [2024-01-15T20:37:51.992Z] Node Version:  v20.10.0
[debug] [2024-01-15T20:37:51.992Z] Time:          Tue Jan 16 2024 02:07:51 GMT+0530 (India Standard Time)
[debug] [2024-01-15T20:37:51.992Z] ----------------------------------------------------------------------
[debug] 
[debug] [2024-01-15T20:37:51.998Z] > command requires scopes: ["email","openid","https://www.googleapis.com/auth/cloudplatformprojects.readonly","https://www.googleapis.com/auth/firebase","https://www.googleapis.com/auth/cloud-platform"]
[debug] [2024-01-15T20:37:51.998Z] > authorizing via signed-in user (khanzaid1015@gmail.com)
[info] 
     ######## #### ########  ######## ########     ###     ######  ########
     ##        ##  ##     ## ##       ##     ##  ##   ##  ##       ##
     ######    ##  ########  ######   ########  #########  ######  ######
     ##        ##  ##    ##  ##       ##     ## ##     ##       ## ##
     ##       #### ##     ## ######## ########  ##     ##  ######  ########

You're about to initialize a Firebase project in this directory:

  C:\Users\Zaid\Documents\Projects\pubnub\collaboard

[info] 
=== Project Setup
[info] 
[info] First, let's associate this project directory with a Firebase project.
[info] You can create multiple project aliases by running firebase use --add, 
[info] but for now we'll just set up a default project.
[info] 
[debug] [2024-01-15T20:38:26.838Z] >>> [apiv2][query] GET https://firebase.googleapis.com/v1beta1/projects pageSize=100
[debug] [2024-01-15T20:38:27.823Z] <<< [apiv2][status] GET https://firebase.googleapis.com/v1beta1/projects 200
[debug] [2024-01-15T20:38:27.823Z] <<< [apiv2][body] GET https://firebase.googleapis.com/v1beta1/projects [omitted]
[info] i  Using project collaboard-30402 (CollaBoard) 
[info] 
=== Database Setup
[info] i  database: ensuring required API firebasedatabase.googleapis.com is enabled... 
[debug] [2024-01-15T20:38:29.442Z] >>> [apiv2][query] GET https://serviceusage.googleapis.com/v1/projects/collaboard-30402/services/firebasedatabase.googleapis.com [none]
[debug] [2024-01-15T20:38:29.442Z] >>> [apiv2][(partial)header] GET https://serviceusage.googleapis.com/v1/projects/collaboard-30402/services/firebasedatabase.googleapis.com x-goog-quota-user=projects/collaboard-30402
[debug] [2024-01-15T20:38:31.148Z] <<< [apiv2][status] GET https://serviceusage.googleapis.com/v1/projects/collaboard-30402/services/firebasedatabase.googleapis.com 200
[debug] [2024-01-15T20:38:31.148Z] <<< [apiv2][body] GET https://serviceusage.googleapis.com/v1/projects/collaboard-30402/services/firebasedatabase.googleapis.com [omitted]
[info] +  database: required API firebasedatabase.googleapis.com is enabled 
[info] 
[debug] [2024-01-15T20:38:31.149Z] >>> [apiv2][query] GET https://firebasedatabase.googleapis.com/v1beta/projects/collaboard-30402/locations/-/instances/collaboard-30402-default-rtdb [none]
[debug] [2024-01-15T20:38:32.868Z] <<< [apiv2][status] GET https://firebasedatabase.googleapis.com/v1beta/projects/collaboard-30402/locations/-/instances/collaboard-30402-default-rtdb 200
[debug] [2024-01-15T20:38:32.868Z] <<< [apiv2][body] GET https://firebasedatabase.googleapis.com/v1beta/projects/collaboard-30402/locations/-/instances/collaboard-30402-default-rtdb {"name":"projects/605923633511/locations/asia-southeast1/instances/collaboard-30402-default-rtdb","project":"projects/605923633511","databaseUrl":"https://collaboard-30402-default-rtdb.asia-southeast1.firebasedatabase.app","type":"DEFAULT_DATABASE","state":"ACTIVE"}
[info] 
[info] Firebase Realtime Database Security Rules allow you to define how your data should be
[info] structured and when your data can be read from and written to.
[info] 
[debug] [2024-01-15T20:38:43.856Z] >>> [apiv2][query] GET https://collaboard-30402-default-rtdb.asia-southeast1.firebasedatabase.app/.settings/rules.json [none]
[debug] [2024-01-15T20:38:44.051Z] <<< [apiv2][status] GET https://collaboard-30402-default-rtdb.asia-southeast1.firebasedatabase.app/.settings/rules.json 200
[debug] [2024-01-15T20:38:44.051Z] <<< [apiv2][body] GET https://collaboard-30402-default-rtdb.asia-southeast1.firebasedatabase.app/.settings/rules.json [stream]
[info] +  Database Rules for collaboard-30402-default-rtdb have been written to database.rules.json. 
[info] Future modifications to database.rules.json will update Realtime Database Security Rules when you run
[info] firebase deploy.
[info] 
=== Firestore Setup
[debug] [2024-01-15T20:38:44.054Z] >>> [apiv2][query] GET https://serviceusage.googleapis.com/v1/projects/collaboard-30402/services/firestore.googleapis.com [none]
[debug] [2024-01-15T20:38:44.054Z] >>> [apiv2][(partial)header] GET https://serviceusage.googleapis.com/v1/projects/collaboard-30402/services/firestore.googleapis.com x-goog-quota-user=projects/collaboard-30402
[debug] [2024-01-15T20:38:45.790Z] <<< [apiv2][status] GET https://serviceusage.googleapis.com/v1/projects/collaboard-30402/services/firestore.googleapis.com 200
[debug] [2024-01-15T20:38:45.790Z] <<< [apiv2][body] GET https://serviceusage.googleapis.com/v1/projects/collaboard-30402/services/firestore.googleapis.com [omitted]
[debug] [2024-01-15T20:38:45.791Z] >>> [apiv2][query] GET https://firestore.googleapis.com/v1/projects/collaboard-30402/databases/(default) [none]
[debug] [2024-01-15T20:38:45.965Z] <<< [apiv2][status] GET https://firestore.googleapis.com/v1/projects/collaboard-30402/databases/(default) 200
[debug] [2024-01-15T20:38:45.966Z] <<< [apiv2][body] GET https://firestore.googleapis.com/v1/projects/collaboard-30402/databases/(default) {"name":"projects/collaboard-30402/databases/(default)","uid":"aae9e10e-e3d5-4b7a-b5bc-de90cab102bf","createTime":"2024-01-15T20:37:35.781481Z","updateTime":"2024-01-15T20:37:35.781481Z","locationId":"asia-south1","type":"FIRESTORE_NATIVE","concurrencyMode":"PESSIMISTIC","versionRetentionPeriod":"3600s","earliestVersionTime":"2024-01-15T20:37:35.781481Z","appEngineIntegrationMode":"DISABLED","keyPrefix":"j","pointInTimeRecoveryEnablement":"POINT_IN_TIME_RECOVERY_DISABLED","deleteProtectionState":"DELETE_PROTECTION_DISABLED","etag":"INm38YCg4IMDMOnclt+f4IMD"}
[debug] [2024-01-15T20:38:45.966Z] database_type: FIRESTORE_NATIVE
[debug] [2024-01-15T20:38:45.966Z] > command requires scopes: ["email","openid","https://www.googleapis.com/auth/cloudplatformprojects.readonly","https://www.googleapis.com/auth/firebase","https://www.googleapis.com/auth/cloud-platform"]
[debug] [2024-01-15T20:38:45.966Z] > authorizing via signed-in user (khanzaid1015@gmail.com)
[debug] [2024-01-15T20:38:45.966Z] [iam] checking project collaboard-30402 for permissions ["firebase.projects.get"]
[debug] [2024-01-15T20:38:45.966Z] >>> [apiv2][query] POST https://cloudresourcemanager.googleapis.com/v1/projects/collaboard-30402:testIamPermissions [none]
[debug] [2024-01-15T20:38:45.966Z] >>> [apiv2][(partial)header] POST https://cloudresourcemanager.googleapis.com/v1/projects/collaboard-30402:testIamPermissions x-goog-quota-user=projects/collaboard-30402
[debug] [2024-01-15T20:38:45.966Z] >>> [apiv2][body] POST https://cloudresourcemanager.googleapis.com/v1/projects/collaboard-30402:testIamPermissions {"permissions":["firebase.projects.get"]}
[debug] [2024-01-15T20:38:47.445Z] <<< [apiv2][status] POST https://cloudresourcemanager.googleapis.com/v1/projects/collaboard-30402:testIamPermissions 200
[debug] [2024-01-15T20:38:47.445Z] <<< [apiv2][body] POST https://cloudresourcemanager.googleapis.com/v1/projects/collaboard-30402:testIamPermissions {"permissions":["firebase.projects.get"]}
[info] 
[info] Firestore Security Rules allow you to define how and when to allow
[info] requests. You can keep these rules in your project directory
[info] and publish them with firebase deploy.
[info] 
[debug] [2024-01-15T20:38:50.015Z] >>> [apiv2][query] GET https://firebaserules.googleapis.com/v1/projects/collaboard-30402/releases pageSize=10&pageToken=
[debug] [2024-01-15T20:38:51.613Z] <<< [apiv2][status] GET https://firebaserules.googleapis.com/v1/projects/collaboard-30402/releases 200
[debug] [2024-01-15T20:38:51.613Z] <<< [apiv2][body] GET https://firebaserules.googleapis.com/v1/projects/collaboard-30402/releases {"releases":[{"name":"projects/collaboard-30402/releases/cloud.firestore","rulesetName":"projects/collaboard-30402/rulesets/802c0079-2e11-4232-a462-28181ae2b6f0","createTime":"2024-01-15T20:37:44.523249Z","updateTime":"2024-01-15T20:37:44.523249Z"}]}
[debug] [2024-01-15T20:38:51.613Z] Found ruleset: projects/collaboard-30402/rulesets/802c0079-2e11-4232-a462-28181ae2b6f0
[debug] [2024-01-15T20:38:51.613Z] >>> [apiv2][query] GET https://firebaserules.googleapis.com/v1/projects/collaboard-30402/rulesets/802c0079-2e11-4232-a462-28181ae2b6f0 [none]
[debug] [2024-01-15T20:38:52.945Z] <<< [apiv2][status] GET https://firebaserules.googleapis.com/v1/projects/collaboard-30402/rulesets/802c0079-2e11-4232-a462-28181ae2b6f0 200
[debug] [2024-01-15T20:38:52.945Z] <<< [apiv2][body] GET https://firebaserules.googleapis.com/v1/projects/collaboard-30402/rulesets/802c0079-2e11-4232-a462-28181ae2b6f0 [omitted]
[info] 
[info] Firestore indexes allow you to perform complex queries while
[info] maintaining performance that scales with the size of the result
[info] set. You can keep index definitions in your project directory
[info] and publish them with firebase deploy.
[info] 
[debug] [2024-01-15T20:38:55.366Z] >>> [apiv2][query] GET https://firestore.googleapis.com/v1/projects/collaboard-30402/databases/(default)/collectionGroups/-/indexes [none]
[debug] [2024-01-15T20:38:55.367Z] >>> [apiv2][query] GET https://firestore.googleapis.com/v1/projects/collaboard-30402/databases/(default)/collectionGroups/-/fields?filter=indexConfig.usesAncestorConfig=false OR ttlConfig:* [none]
[debug] [2024-01-15T20:38:55.486Z] <<< [apiv2][status] GET https://firestore.googleapis.com/v1/projects/collaboard-30402/databases/(default)/collectionGroups/-/indexes 200
[debug] [2024-01-15T20:38:55.486Z] <<< [apiv2][body] GET https://firestore.googleapis.com/v1/projects/collaboard-30402/databases/(default)/collectionGroups/-/indexes {}
[debug] [2024-01-15T20:38:56.447Z] <<< [apiv2][status] GET https://firestore.googleapis.com/v1/projects/collaboard-30402/databases/(default)/collectionGroups/-/fields?filter=indexConfig.usesAncestorConfig=false OR ttlConfig:* 200
[debug] [2024-01-15T20:38:56.447Z] <<< [apiv2][body] GET https://firestore.googleapis.com/v1/projects/collaboard-30402/databases/(default)/collectionGroups/-/fields?filter=indexConfig.usesAncestorConfig=false OR ttlConfig:* {"fields":[{"name":"projects/collaboard-30402/databases/(default)/collectionGroups/__default__/fields/*","indexConfig":{"indexes":[{"queryScope":"COLLECTION","fields":[{"fieldPath":"*","order":"ASCENDING"}],"state":"READY"},{"queryScope":"COLLECTION","fields":[{"fieldPath":"*","order":"DESCENDING"}],"state":"READY"},{"queryScope":"COLLECTION","fields":[{"fieldPath":"*","arrayConfig":"CONTAINS"}],"state":"READY"}]}}]}
[info] 
=== Functions Setup
[debug] [2024-01-15T20:38:56.450Z] > command requires scopes: ["email","openid","https://www.googleapis.com/auth/cloudplatformprojects.readonly","https://www.googleapis.com/auth/firebase","https://www.googleapis.com/auth/cloud-platform"]
[debug] [2024-01-15T20:38:56.450Z] > authorizing via signed-in user (khanzaid1015@gmail.com)
[debug] [2024-01-15T20:38:56.450Z] [iam] checking project collaboard-30402 for permissions ["firebase.projects.get"]
[debug] [2024-01-15T20:38:56.450Z] >>> [apiv2][query] POST https://cloudresourcemanager.googleapis.com/v1/projects/collaboard-30402:testIamPermissions [none]
[debug] [2024-01-15T20:38:56.450Z] >>> [apiv2][(partial)header] POST https://cloudresourcemanager.googleapis.com/v1/projects/collaboard-30402:testIamPermissions x-goog-quota-user=projects/collaboard-30402
[debug] [2024-01-15T20:38:56.450Z] >>> [apiv2][body] POST https://cloudresourcemanager.googleapis.com/v1/projects/collaboard-30402:testIamPermissions {"permissions":["firebase.projects.get"]}
[debug] [2024-01-15T20:38:57.850Z] <<< [apiv2][status] POST https://cloudresourcemanager.googleapis.com/v1/projects/collaboard-30402:testIamPermissions 200
[debug] [2024-01-15T20:38:57.850Z] <<< [apiv2][body] POST https://cloudresourcemanager.googleapis.com/v1/projects/collaboard-30402:testIamPermissions {"permissions":["firebase.projects.get"]}
[debug] [2024-01-15T20:38:57.850Z] >>> [apiv2][query] GET https://serviceusage.googleapis.com/v1/projects/collaboard-30402/services/cloudfunctions.googleapis.com [none]
[debug] [2024-01-15T20:38:57.850Z] >>> [apiv2][(partial)header] GET https://serviceusage.googleapis.com/v1/projects/collaboard-30402/services/cloudfunctions.googleapis.com x-goog-quota-user=projects/collaboard-30402
[debug] [2024-01-15T20:38:57.852Z] >>> [apiv2][query] GET https://serviceusage.googleapis.com/v1/projects/collaboard-30402/services/runtimeconfig.googleapis.com [none]
[debug] [2024-01-15T20:38:57.852Z] >>> [apiv2][(partial)header] GET https://serviceusage.googleapis.com/v1/projects/collaboard-30402/services/runtimeconfig.googleapis.com x-goog-quota-user=projects/collaboard-30402
[debug] [2024-01-15T20:39:00.596Z] <<< [apiv2][status] GET https://serviceusage.googleapis.com/v1/projects/collaboard-30402/services/runtimeconfig.googleapis.com 200
[debug] [2024-01-15T20:39:00.596Z] <<< [apiv2][body] GET https://serviceusage.googleapis.com/v1/projects/collaboard-30402/services/runtimeconfig.googleapis.com [omitted]
[debug] [2024-01-15T20:39:00.613Z] <<< [apiv2][status] GET https://serviceusage.googleapis.com/v1/projects/collaboard-30402/services/cloudfunctions.googleapis.com 200
[debug] [2024-01-15T20:39:00.613Z] <<< [apiv2][body] GET https://serviceusage.googleapis.com/v1/projects/collaboard-30402/services/cloudfunctions.googleapis.com [omitted]
[debug] [2024-01-15T20:39:00.613Z] >>> [apiv2][query] POST https://serviceusage.googleapis.com/v1/projects/collaboard-30402/services/cloudfunctions.googleapis.com:enable [none]
[debug] [2024-01-15T20:39:00.613Z] >>> [apiv2][(partial)header] POST https://serviceusage.googleapis.com/v1/projects/collaboard-30402/services/cloudfunctions.googleapis.com:enable x-goog-quota-user=projects/collaboard-30402
[debug] [2024-01-15T20:39:01.355Z] <<< [apiv2][status] POST https://serviceusage.googleapis.com/v1/projects/collaboard-30402/services/cloudfunctions.googleapis.com:enable 200
[debug] [2024-01-15T20:39:01.355Z] <<< [apiv2][body] POST https://serviceusage.googleapis.com/v1/projects/collaboard-30402/services/cloudfunctions.googleapis.com:enable [omitted]
[debug] [2024-01-15T20:39:11.361Z] >>> [apiv2][query] GET https://serviceusage.googleapis.com/v1/projects/collaboard-30402/services/cloudfunctions.googleapis.com [none]
[debug] [2024-01-15T20:39:11.361Z] >>> [apiv2][(partial)header] GET https://serviceusage.googleapis.com/v1/projects/collaboard-30402/services/cloudfunctions.googleapis.com x-goog-quota-user=projects/collaboard-30402
[debug] [2024-01-15T20:39:13.119Z] <<< [apiv2][status] GET https://serviceusage.googleapis.com/v1/projects/collaboard-30402/services/cloudfunctions.googleapis.com 200
[debug] [2024-01-15T20:39:13.119Z] <<< [apiv2][body] GET https://serviceusage.googleapis.com/v1/projects/collaboard-30402/services/cloudfunctions.googleapis.com [omitted]
[info] Let's create a new codebase for your functions.
[info] A directory corresponding to the codebase will be created in your project
[info] with sample code pre-configured.

[info] See https://firebase.google.com/docs/functions/organize-functions for
[info] more information on organizing your functions using codebases.

[info] Functions can be deployed with firebase deploy.

[info] +  Wrote functions/package.json 
[info] +  Wrote functions/.eslintrc.js 
[info] +  Wrote functions/index.js 
[info] +  Wrote functions/.gitignore 
[info] 
=== Hosting Setup
[debug] [2024-01-15T20:40:14.600Z] >>> [apiv2][query] GET https://firebase.googleapis.com/v1beta1/projects/collaboard-30402 [none]
[debug] [2024-01-15T20:40:15.245Z] <<< [apiv2][status] GET https://firebase.googleapis.com/v1beta1/projects/collaboard-30402 200
[debug] [2024-01-15T20:40:15.245Z] <<< [apiv2][body] GET https://firebase.googleapis.com/v1beta1/projects/collaboard-30402 {"projectId":"collaboard-30402","projectNumber":"605923633511","displayName":"CollaBoard","name":"projects/collaboard-30402","resources":{"hostingSite":"collaboard-30402","realtimeDatabaseInstance":"collaboard-30402-default-rtdb"},"state":"ACTIVE","etag":"1_b5cee999-e801-4a34-a8ef-e7c48c81abbf"}
[info] 
[info] Your public directory is the folder (relative to your project directory) that
[info] will contain Hosting assets to be uploaded with firebase deploy. If you
[info] have a build process for your assets, use your build's output directory.
[info] 
[debug] [2024-01-15T20:40:42.178Z] >>> [apiv2][query] GET https://www.gstatic.com/firebasejs/releases.json [none]
[debug] [2024-01-15T20:40:42.265Z] <<< [apiv2][status] GET https://www.gstatic.com/firebasejs/releases.json 200
[debug] [2024-01-15T20:40:42.265Z] <<< [apiv2][body] GET https://www.gstatic.com/firebasejs/releases.json {"current":{"version":"10.7.1","browserURL":"https://www.gstatic.com/firebasejs/10.7.1/firebase.js","packageURL":"https://www.gstatic.com/firebasejs/10.7.1/firebase.tgz"},"live":{"version":"10.7","browserURL":"https://www.gstatic.com/firebasejs/live/10.7/firebase.js","packageURL":"https://www.gstatic.com/firebasejs/live/10.7/firebase.tgz"},"components":{"analytics":"https://www.gstatic.com/firebasejs/10.7.1/firebase-analytics.js","app":"https://www.gstatic.com/firebasejs/10.7.1/firebase-app.js","app-check":"https://www.gstatic.com/firebasejs/10.7.1/firebase-app-check.js","auth":"https://www.gstatic.com/firebasejs/10.7.1/firebase-auth.js","auth/cordova":"https://www.gstatic.com/firebasejs/10.7.1/firebase-auth/cordova.js","functions":"https://www.gstatic.com/firebasejs/10.7.1/firebase-functions.js","firestore":"https://www.gstatic.com/firebasejs/10.7.1/firebase-firestore.js","firestore/lite":"https://www.gstatic.com/firebasejs/10.7.1/firebase-firestore/lite.js","installations":"https://www.gstatic.com/firebasejs/10.7.1/firebase-installations.js","storage":"https://www.gstatic.com/firebasejs/10.7.1/firebase-storage.js","performance":"https://www.gstatic.com/firebasejs/10.7.1/firebase-performance.js","remote-config":"https://www.gstatic.com/firebasejs/10.7.1/firebase-remote-config.js","messaging":"https://www.gstatic.com/firebasejs/10.7.1/firebase-messaging.js","messaging/sw":"https://www.gstatic.com/firebasejs/10.7.1/firebase-messaging/sw.js","database":"https://www.gstatic.com/firebasejs/10.7.1/firebase-database.js","firestore.memory":"https://www.gstatic.com/firebasejs/10.7.1/firebase-firestore.memory.js"}}
[info] +  Wrote public/index.html 
[info] 
[info] i  Detected a .git folder at C:\Users\Zaid\Documents\Projects\pubnub\collaboard 
[info] i  Authorizing with GitHub to upload your service account to a GitHub repository's secrets store. 
[info] 
[info] Visit this URL on this device to log in:
[info] https://github.com/login/oauth/authorize?client_id=89cf50f02ac6aaed3484&state=758872170&redirect_uri=http%3A%2F%2Flocalhost%3A9005&scope=read%3Auser%20repo%20public_repo
[info] 
[info] Waiting for authentication...
[debug] [2024-01-15T20:41:41.899Z] >>> [apiv2][query] POST https://github.com/login/oauth/access_token [none]
[debug] [2024-01-15T20:41:41.900Z] >>> [apiv2][body] POST https://github.com/login/oauth/access_token [stream]
[debug] [2024-01-15T20:41:42.316Z] <<< [apiv2][status] POST https://github.com/login/oauth/access_token 200
[debug] [2024-01-15T20:41:42.316Z] <<< [apiv2][body] POST https://github.com/login/oauth/access_token {"access_token":"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","token_type":"bearer","scope":"read:user,repo"}
[debug] [2024-01-15T20:41:42.319Z] >>> [apiv2][query] GET https://api.github.com/user [none]
[debug] [2024-01-15T20:41:42.647Z] <<< [apiv2][status] GET https://api.github.com/user 200
[debug] [2024-01-15T20:41:42.647Z] <<< [apiv2][body] GET https://api.github.com/user {"login":"zk-146","id":40146675,"node_id":"MDQ6VXNlcjQwMTQ2Njc1","avatar_url":"https://avatars.githubusercontent.com/u/40146675?v=4","gravatar_id":"","url":"https://api.github.com/users/zk-146","html_url":"https://github.com/zk-146","followers_url":"https://api.github.com/users/zk-146/followers","following_url":"https://api.github.com/users/zk-146/following{/other_user}","gists_url":"https://api.github.com/users/zk-146/gists{/gist_id}","starred_url":"https://api.github.com/users/zk-146/starred{/owner}{/repo}","subscriptions_url":"https://api.github.com/users/zk-146/subscriptions","organizations_url":"https://api.github.com/users/zk-146/orgs","repos_url":"https://api.github.com/users/zk-146/repos","events_url":"https://api.github.com/users/zk-146/events{/privacy}","received_events_url":"https://api.github.com/users/zk-146/received_events","type":"User","site_admin":false,"name":"Zaid Khan","company":null,"blog":"","location":"Mumbai, India","email":null,"hireable":null,"bio":null,"twitter_username":null,"public_repos":11,"public_gists":0,"followers":6,"following":23,"created_at":"2018-06-10T16:27:01Z","updated_at":"2023-12-06T13:30:54Z","private_gists":0,"total_private_repos":4,"owned_private_repos":4,"disk_usage":100763,"collaborators":0,"two_factor_authentication":false,"plan":{"name":"free","space":976562499,"collaborators":0,"private_repos":10000}}
[info] 
[info] +  Success! Logged into GitHub as zk-146 
[info] 
[debug] [2024-01-15T20:42:02.004Z] >>> [apiv2][query] GET https://api.github.com/repos/zk-146/collaboard/actions/secrets/public-key type=owner
[debug] [2024-01-15T20:42:02.290Z] <<< [apiv2][status] GET https://api.github.com/repos/zk-146/collaboard/actions/secrets/public-key 404
[debug] [2024-01-15T20:42:02.290Z] <<< [apiv2][body] GET https://api.github.com/repos/zk-146/collaboard/actions/secrets/public-key {"message":"Not Found","documentation_url":"https://docs.github.com/rest/actions/secrets#get-a-repository-public-key"}
[info] 
[info] 
[error] !  The provided authorization cannot be used with this repository. If this repository is in an organization, did you remember to grant access? 
[info] 
[info] i  Action required: Visit this URL to ensure access has been granted to the appropriate organization(s) for the Firebase CLI GitHub OAuth App: 
[info] https://github.com/settings/connections/applications/89cf50f02ac6aaed3484
[info] 
